2025-10-13 20:17:51, MOVE, v:1, k:poo@relogio, mode:PICK
2025-10-13 20:18:16, EXEC, v:1, k:poo@relogio, mode:FULL, rate:0, size:75
2025-10-13 20:18:19, EXEC, v:1, k:poo@relogio, mode:FULL, rate:0
2025-10-13 20:18:23, EXEC, v:1, k:poo@relogio, mode:FULL, rate:0
2025-10-13 20:18:25, EXEC, v:1, k:poo@relogio, mode:FULL, rate:0
2025-10-13 20:18:28, EXEC, v:1, k:poo@relogio, mode:FULL, rate:0
2025-10-13 20:18:32, EXEC, v:1, k:poo@relogio, mode:FULL, rate:0
2025-10-13 20:18:35, EXEC, v:1, k:poo@relogio, mode:FULL, rate:0
2025-10-13 20:18:39, EXEC, v:1, k:poo@relogio, mode:FULL, rate:0
2025-10-13 20:18:44, EXEC, v:1, k:poo@relogio, mode:FULL, rate:0
2025-10-13 20:18:50, EXEC, v:1, k:poo@relogio, mode:FULL, rate:0
2025-10-13 20:18:53, EXEC, v:1, k:poo@relogio, mode:FULL, rate:0
2025-10-13 20:18:56, EXEC, v:1, k:poo@relogio, mode:FULL, rate:0
2025-10-13 20:19:04, EXEC, v:1, k:poo@relogio, mode:FREE
2025-10-13 20:21:46, EXEC, v:1, k:poo@relogio, mode:FULL, rate:0, size:75
2025-10-13 20:21:47, EXEC, v:1, k:poo@relogio, mode:FULL, rate:0
2025-10-13 20:21:49, EXEC, v:1, k:poo@relogio, mode:FULL, rate:0
2025-10-13 20:21:52, EXEC, v:1, k:poo@relogio, mode:FULL, rate:0
2025-10-13 20:23:12, EXEC, v:1, k:poo@relogio, mode:FULL, rate:0, size:77
2025-10-13 20:23:14, EXEC, v:1, k:poo@relogio, mode:FULL, rate:0
2025-10-13 20:23:16, EXEC, v:1, k:poo@relogio, mode:FULL, rate:0
2025-10-13 20:23:18, EXEC, v:1, k:poo@relogio, mode:FULL, rate:0
2025-10-13 20:23:22, EXEC, v:1, k:poo@relogio, mode:FULL, rate:0
2025-10-13 20:23:24, EXEC, v:1, k:poo@relogio, mode:FULL, rate:0
2025-10-13 20:23:39, EXEC, v:1, k:poo@relogio, mode:FULL, rate:0
2025-10-13 20:23:41, EXEC, v:1, k:poo@relogio, mode:FULL, rate:0
2025-10-13 20:23:45, EXEC, v:1, k:poo@relogio, mode:FULL, rate:0
2025-10-13 20:25:38, EXEC, v:1, k:poo@relogio, mode:FULL, rate:0
2025-10-13 20:25:39, EXEC, v:1, k:poo@relogio, mode:FULL, rate:0
2025-10-13 20:30:54, MOVE, v:1, k:poo@relogio, mode:BACK
2025-10-13 20:31:38, MOVE, v:1, k:poo@relogio, mode:PICK
2025-10-13 20:31:44, EXEC, v:1, k:poo@relogio, mode:FULL, rate:0, size:23
2025-10-13 20:31:47, EXEC, v:1, k:poo@relogio, mode:FULL, rate:0
2025-10-13 20:31:48, EXEC, v:1, k:poo@relogio, mode:FULL, rate:0
2025-10-13 20:31:55, EXEC, v:1, k:poo@relogio, mode:FULL, rate:0
2025-10-13 20:31:59, EXEC, v:1, k:poo@relogio, mode:FULL, rate:0
2025-10-13 20:32:01, EXEC, v:1, k:poo@relogio, mode:FULL, rate:0
2025-10-13 20:33:03, EXEC, v:1, k:poo@relogio, mode:FULL, rate:0
2025-10-13 20:33:04, EXEC, v:1, k:poo@relogio, mode:FULL, rate:0
2025-10-13 20:33:04, EXEC, v:1, k:poo@relogio, mode:FULL, rate:0
2025-10-13 20:33:04, EXEC, v:1, k:poo@relogio, mode:FULL, rate:0
2025-10-13 20:33:05, EXEC, v:1, k:poo@relogio, mode:FULL, rate:0
2025-10-13 20:33:05, EXEC, v:1, k:poo@relogio, mode:FULL, rate:0
2025-10-13 20:33:05, EXEC, v:1, k:poo@relogio, mode:FULL, rate:0
2025-10-13 20:33:24, MOVE, v:1, k:poo@relogio, mode:BACK
2025-10-13 20:36:23, MOVE, v:1, k:poo@relogio, mode:PICK
2025-10-13 20:38:10, EXEC, v:1, k:poo@relogio, mode:LOCK, rate:0, size:74
2025-10-13 20:38:56, EXEC, v:1, k:poo@relogio, mode:FULL, rate:0, size:74
2025-10-13 20:39:06, EXEC, v:1, k:poo@relogio, mode:FULL, rate:0
2025-10-13 20:39:18, EXEC, v:1, k:poo@relogio, mode:FULL, rate:0
2025-10-13 20:39:21, EXEC, v:1, k:poo@relogio, mode:FULL, rate:0
2025-10-13 20:45:37, EXEC, v:1, k:poo@relogio, mode:FULL, rate:7, size:63
2025-10-13 20:45:46, EXEC, v:1, k:poo@relogio, mode:FULL, rate:7
2025-10-13 20:45:49, EXEC, v:1, k:poo@relogio, mode:FULL, rate:7
2025-10-13 20:45:51, EXEC, v:1, k:poo@relogio, mode:FULL, rate:7
2025-10-13 20:45:53, EXEC, v:1, k:poo@relogio, mode:FULL, rate:7
2025-10-13 20:45:55, EXEC, v:1, k:poo@relogio, mode:FULL, rate:7
2025-10-13 20:45:59, EXEC, v:1, k:poo@relogio, mode:FULL, rate:7
2025-10-13 20:47:07, EXEC, v:1, k:poo@relogio, mode:FULL, rate:0, size:24
2025-10-13 20:47:10, EXEC, v:1, k:poo@relogio, mode:FULL, rate:0
2025-10-13 20:47:10, EXEC, v:1, k:poo@relogio, mode:FULL, rate:0
2025-10-13 20:47:11, EXEC, v:1, k:poo@relogio, mode:FULL, rate:0
2025-10-13 20:47:12, EXEC, v:1, k:poo@relogio, mode:FULL, rate:0
2025-10-13 20:47:12, EXEC, v:1, k:poo@relogio, mode:FULL, rate:0
2025-10-13 20:48:14, EXEC, v:1, k:poo@relogio, mode:FULL, rate:0, size:64
2025-10-13 20:48:31, EXEC, v:1, k:poo@relogio, mode:FULL, rate:0, size:65
2025-10-13 20:48:32, EXEC, v:1, k:poo@relogio, mode:FULL, rate:0
2025-10-13 20:48:32, EXEC, v:1, k:poo@relogio, mode:FULL, rate:0
2025-10-13 20:48:32, EXEC, v:1, k:poo@relogio, mode:FULL, rate:0
2025-10-13 20:48:33, EXEC, v:1, k:poo@relogio, mode:FULL, rate:0
2025-10-13 20:48:34, EXEC, v:1, k:poo@relogio, mode:FULL, rate:0
2025-10-13 20:49:06, EXEC, v:1, k:poo@relogio, mode:FULL, rate:0, size:66
2025-10-13 20:49:07, EXEC, v:1, k:poo@relogio, mode:FULL, rate:0
2025-10-13 20:49:33, EXEC, v:1, k:poo@relogio, mode:FULL, rate:0, size:66
2025-10-13 20:49:34, EXEC, v:1, k:poo@relogio, mode:FULL, rate:0
2025-10-13 20:49:35, EXEC, v:1, k:poo@relogio, mode:FULL, rate:0
2025-10-13 20:49:35, EXEC, v:1, k:poo@relogio, mode:FULL, rate:0
2025-10-13 20:49:51, EXEC, v:1, k:poo@relogio, mode:FULL, rate:0, size:66
2025-10-13 20:49:52, EXEC, v:1, k:poo@relogio, mode:FULL, rate:0
2025-10-13 20:49:52, EXEC, v:1, k:poo@relogio, mode:FULL, rate:0
2025-10-13 20:49:52, EXEC, v:1, k:poo@relogio, mode:FULL, rate:0
2025-10-13 20:50:00, EXEC, v:1, k:poo@relogio, mode:FULL, rate:0
2025-10-13 20:50:01, EXEC, v:1, k:poo@relogio, mode:FULL, rate:0
2025-10-13 20:50:03, EXEC, v:1, k:poo@relogio, mode:FULL, rate:0
2025-10-13 20:50:06, EXEC, v:1, k:poo@relogio, mode:FULL, rate:0
2025-10-13 20:50:08, EXEC, v:1, k:poo@relogio, mode:FULL, rate:0
2025-10-13 20:51:26, EXEC, v:1, k:poo@relogio, mode:LOCK, rate:0
2025-10-13 20:51:26, EXEC, v:1, k:poo@relogio, mode:LOCK, rate:0
2025-10-13 20:51:27, EXEC, v:1, k:poo@relogio, mode:LOCK, rate:0
2025-10-13 20:51:28, EXEC, v:1, k:poo@relogio, mode:LOCK, rate:0
2025-10-13 20:51:28, EXEC, v:1, k:poo@relogio, mode:LOCK, rate:0
2025-10-13 20:51:29, EXEC, v:1, k:poo@relogio, mode:LOCK, rate:0
2025-10-13 20:51:29, EXEC, v:1, k:poo@relogio, mode:LOCK, rate:0
2025-10-13 20:51:29, EXEC, v:1, k:poo@relogio, mode:LOCK, rate:0
2025-10-13 20:51:29, EXEC, v:1, k:poo@relogio, mode:LOCK, rate:0
2025-10-13 20:51:29, EXEC, v:1, k:poo@relogio, mode:LOCK, rate:0
2025-10-13 20:51:29, EXEC, v:1, k:poo@relogio, mode:LOCK, rate:0
2025-10-13 20:51:29, EXEC, v:1, k:poo@relogio, mode:LOCK, rate:0
2025-10-13 20:51:29, EXEC, v:1, k:poo@relogio, mode:LOCK, rate:0
2025-10-13 20:51:29, EXEC, v:1, k:poo@relogio, mode:LOCK, rate:0
2025-10-13 20:51:29, EXEC, v:1, k:poo@relogio, mode:LOCK, rate:0
2025-10-13 20:51:29, EXEC, v:1, k:poo@relogio, mode:LOCK, rate:0
2025-10-13 20:51:29, EXEC, v:1, k:poo@relogio, mode:LOCK, rate:0
2025-10-13 20:51:30, EXEC, v:1, k:poo@relogio, mode:LOCK, rate:0
2025-10-13 20:51:30, EXEC, v:1, k:poo@relogio, mode:LOCK, rate:0
2025-10-13 20:51:30, EXEC, v:1, k:poo@relogio, mode:LOCK, rate:0
2025-10-13 20:51:30, EXEC, v:1, k:poo@relogio, mode:LOCK, rate:0
2025-10-13 20:51:30, EXEC, v:1, k:poo@relogio, mode:LOCK, rate:0
2025-10-13 20:51:30, EXEC, v:1, k:poo@relogio, mode:LOCK, rate:0
2025-10-13 20:51:30, EXEC, v:1, k:poo@relogio, mode:LOCK, rate:0
2025-10-13 20:51:30, EXEC, v:1, k:poo@relogio, mode:LOCK, rate:0
2025-10-13 20:51:30, EXEC, v:1, k:poo@relogio, mode:LOCK, rate:0
2025-10-13 20:51:30, EXEC, v:1, k:poo@relogio, mode:LOCK, rate:0
2025-10-13 20:51:30, EXEC, v:1, k:poo@relogio, mode:LOCK, rate:0
2025-10-13 20:51:30, EXEC, v:1, k:poo@relogio, mode:LOCK, rate:0
2025-10-13 20:51:30, EXEC, v:1, k:poo@relogio, mode:LOCK, rate:0
2025-10-13 20:51:30, EXEC, v:1, k:poo@relogio, mode:LOCK, rate:0
2025-10-13 20:51:30, EXEC, v:1, k:poo@relogio, mode:LOCK, rate:0
2025-10-13 20:51:30, EXEC, v:1, k:poo@relogio, mode:LOCK, rate:0
2025-10-13 20:51:30, EXEC, v:1, k:poo@relogio, mode:LOCK, rate:0
2025-10-13 20:51:30, EXEC, v:1, k:poo@relogio, mode:LOCK, rate:0
2025-10-13 20:51:30, EXEC, v:1, k:poo@relogio, mode:LOCK, rate:0
2025-10-13 20:51:30, EXEC, v:1, k:poo@relogio, mode:LOCK, rate:0
2025-10-13 20:51:30, EXEC, v:1, k:poo@relogio, mode:LOCK, rate:0
2025-10-13 20:51:30, EXEC, v:1, k:poo@relogio, mode:LOCK, rate:0
2025-10-13 20:51:30, EXEC, v:1, k:poo@relogio, mode:LOCK, rate:0
2025-10-13 20:51:30, EXEC, v:1, k:poo@relogio, mode:LOCK, rate:0
2025-10-13 20:51:31, EXEC, v:1, k:poo@relogio, mode:LOCK, rate:0
2025-10-13 20:51:31, EXEC, v:1, k:poo@relogio, mode:LOCK, rate:0
2025-10-13 20:51:31, EXEC, v:1, k:poo@relogio, mode:LOCK, rate:0
2025-10-13 20:51:31, EXEC, v:1, k:poo@relogio, mode:LOCK, rate:0
2025-10-13 20:51:31, EXEC, v:1, k:poo@relogio, mode:LOCK, rate:0
2025-10-13 20:51:31, EXEC, v:1, k:poo@relogio, mode:LOCK, rate:0
2025-10-13 20:51:31, EXEC, v:1, k:poo@relogio, mode:LOCK, rate:0
2025-10-13 20:51:31, EXEC, v:1, k:poo@relogio, mode:LOCK, rate:0
2025-10-13 20:51:31, EXEC, v:1, k:poo@relogio, mode:LOCK, rate:0
2025-10-13 20:51:31, EXEC, v:1, k:poo@relogio, mode:LOCK, rate:0
2025-10-13 20:51:31, EXEC, v:1, k:poo@relogio, mode:LOCK, rate:0
2025-10-13 20:51:31, EXEC, v:1, k:poo@relogio, mode:LOCK, rate:0
2025-10-13 20:51:31, EXEC, v:1, k:poo@relogio, mode:LOCK, rate:0
2025-10-13 20:51:32, EXEC, v:1, k:poo@relogio, mode:LOCK, rate:0
2025-10-13 20:51:32, EXEC, v:1, k:poo@relogio, mode:LOCK, rate:0
2025-10-13 20:51:32, EXEC, v:1, k:poo@relogio, mode:LOCK, rate:0
2025-10-13 20:51:32, EXEC, v:1, k:poo@relogio, mode:LOCK, rate:0
2025-10-13 20:51:32, EXEC, v:1, k:poo@relogio, mode:LOCK, rate:0
2025-10-13 20:51:32, EXEC, v:1, k:poo@relogio, mode:LOCK, rate:0
2025-10-13 20:51:32, EXEC, v:1, k:poo@relogio, mode:LOCK, rate:0
2025-10-13 20:51:32, EXEC, v:1, k:poo@relogio, mode:LOCK, rate:0
2025-10-13 20:51:32, EXEC, v:1, k:poo@relogio, mode:LOCK, rate:0
2025-10-13 20:51:32, EXEC, v:1, k:poo@relogio, mode:LOCK, rate:0
2025-10-13 20:51:32, EXEC, v:1, k:poo@relogio, mode:LOCK, rate:0
2025-10-13 20:51:32, EXEC, v:1, k:poo@relogio, mode:LOCK, rate:0
2025-10-13 20:51:32, EXEC, v:1, k:poo@relogio, mode:LOCK, rate:0
2025-10-13 20:51:32, EXEC, v:1, k:poo@relogio, mode:LOCK, rate:0
2025-10-13 20:51:32, EXEC, v:1, k:poo@relogio, mode:LOCK, rate:0
2025-10-13 20:51:32, EXEC, v:1, k:poo@relogio, mode:LOCK, rate:0
2025-10-13 20:51:32, EXEC, v:1, k:poo@relogio, mode:LOCK, rate:0
2025-10-13 20:51:32, EXEC, v:1, k:poo@relogio, mode:LOCK, rate:0
2025-10-13 20:51:32, EXEC, v:1, k:poo@relogio, mode:LOCK, rate:0
2025-10-13 20:51:32, EXEC, v:1, k:poo@relogio, mode:LOCK, rate:0
2025-10-13 20:51:32, EXEC, v:1, k:poo@relogio, mode:LOCK, rate:0
2025-10-13 20:51:32, EXEC, v:1, k:poo@relogio, mode:LOCK, rate:0
2025-10-13 20:51:32, EXEC, v:1, k:poo@relogio, mode:LOCK, rate:0
2025-10-13 20:51:32, EXEC, v:1, k:poo@relogio, mode:LOCK, rate:0
2025-10-13 20:51:32, EXEC, v:1, k:poo@relogio, mode:LOCK, rate:0
2025-10-13 20:51:32, EXEC, v:1, k:poo@relogio, mode:LOCK, rate:0
2025-10-13 20:51:33, EXEC, v:1, k:poo@relogio, mode:LOCK, rate:0
2025-10-13 20:51:33, EXEC, v:1, k:poo@relogio, mode:LOCK, rate:0
2025-10-13 20:51:33, EXEC, v:1, k:poo@relogio, mode:LOCK, rate:0
2025-10-13 20:51:33, EXEC, v:1, k:poo@relogio, mode:LOCK, rate:0
2025-10-13 20:51:33, EXEC, v:1, k:poo@relogio, mode:LOCK, rate:0
2025-10-13 20:51:33, EXEC, v:1, k:poo@relogio, mode:LOCK, rate:0
2025-10-13 20:51:33, EXEC, v:1, k:poo@relogio, mode:LOCK, rate:0
2025-10-13 20:51:33, EXEC, v:1, k:poo@relogio, mode:LOCK, rate:0
2025-10-13 20:51:33, EXEC, v:1, k:poo@relogio, mode:LOCK, rate:0
2025-10-13 20:51:33, EXEC, v:1, k:poo@relogio, mode:LOCK, rate:0
2025-10-13 20:51:33, EXEC, v:1, k:poo@relogio, mode:LOCK, rate:0
2025-10-13 20:51:33, EXEC, v:1, k:poo@relogio, mode:LOCK, rate:0
2025-10-13 20:51:33, EXEC, v:1, k:poo@relogio, mode:LOCK, rate:0
2025-10-13 20:51:33, EXEC, v:1, k:poo@relogio, mode:LOCK, rate:0
2025-10-13 20:51:33, EXEC, v:1, k:poo@relogio, mode:LOCK, rate:0
2025-10-13 20:51:33, EXEC, v:1, k:poo@relogio, mode:LOCK, rate:0
2025-10-13 20:51:33, EXEC, v:1, k:poo@relogio, mode:LOCK, rate:0
2025-10-13 20:51:33, EXEC, v:1, k:poo@relogio, mode:LOCK, rate:0
2025-10-13 20:51:33, EXEC, v:1, k:poo@relogio, mode:LOCK, rate:0
2025-10-13 20:51:33, EXEC, v:1, k:poo@relogio, mode:LOCK, rate:0
2025-10-13 20:51:33, EXEC, v:1, k:poo@relogio, mode:LOCK, rate:0
2025-10-13 20:51:33, EXEC, v:1, k:poo@relogio, mode:LOCK, rate:0
2025-10-13 20:51:33, EXEC, v:1, k:poo@relogio, mode:LOCK, rate:0
2025-10-13 20:51:33, EXEC, v:1, k:poo@relogio, mode:LOCK, rate:0
2025-10-13 20:51:33, EXEC, v:1, k:poo@relogio, mode:LOCK, rate:0
2025-10-13 20:51:33, EXEC, v:1, k:poo@relogio, mode:LOCK, rate:0
2025-10-13 20:51:33, EXEC, v:1, k:poo@relogio, mode:LOCK, rate:0
2025-10-13 20:51:33, EXEC, v:1, k:poo@relogio, mode:LOCK, rate:0
2025-10-13 20:51:33, EXEC, v:1, k:poo@relogio, mode:LOCK, rate:0
2025-10-13 20:51:33, EXEC, v:1, k:poo@relogio, mode:LOCK, rate:0
2025-10-13 20:51:34, EXEC, v:1, k:poo@relogio, mode:LOCK, rate:0
2025-10-13 20:51:34, EXEC, v:1, k:poo@relogio, mode:LOCK, rate:0
2025-10-13 20:51:34, EXEC, v:1, k:poo@relogio, mode:LOCK, rate:0
2025-10-13 20:51:34, EXEC, v:1, k:poo@relogio, mode:LOCK, rate:0
2025-10-13 20:51:34, EXEC, v:1, k:poo@relogio, mode:LOCK, rate:0
2025-10-13 20:51:34, EXEC, v:1, k:poo@relogio, mode:LOCK, rate:0
2025-10-13 20:51:34, EXEC, v:1, k:poo@relogio, mode:LOCK, rate:0
2025-10-13 20:51:34, EXEC, v:1, k:poo@relogio, mode:LOCK, rate:0
2025-10-13 20:51:34, EXEC, v:1, k:poo@relogio, mode:LOCK, rate:0
2025-10-13 20:51:34, EXEC, v:1, k:poo@relogio, mode:LOCK, rate:0
2025-10-13 20:51:34, EXEC, v:1, k:poo@relogio, mode:LOCK, rate:0
2025-10-13 20:51:40, EXEC, v:1, k:poo@relogio, mode:FREE
2025-10-13 20:53:17, EXEC, v:1, k:poo@relogio, mode:LOCK, rate:0, size:42
2025-10-13 20:53:18, EXEC, v:1, k:poo@relogio, mode:LOCK, rate:0
2025-10-13 20:53:19, EXEC, v:1, k:poo@relogio, mode:LOCK, rate:0
2025-10-13 20:53:19, EXEC, v:1, k:poo@relogio, mode:LOCK, rate:0
2025-10-13 20:57:03, EXEC, v:1, k:poo@relogio, mode:LOCK, rate:100, size:65
2025-10-13 20:57:45, EXEC, v:1, k:poo@relogio, mode:FULL, rate:7
2025-10-13 20:57:48, EXEC, v:1, k:poo@relogio, mode:FULL, rate:7
2025-10-13 20:58:04, EXEC, v:1, k:poo@relogio, mode:FULL, rate:7
2025-10-13 20:58:06, EXEC, v:1, k:poo@relogio, mode:FULL, rate:7
2025-10-13 20:58:09, EXEC, v:1, k:poo@relogio, mode:FULL, rate:7
2025-10-13 20:58:11, EXEC, v:1, k:poo@relogio, mode:FULL, rate:7
2025-10-13 20:58:14, EXEC, v:1, k:poo@relogio, mode:FULL, rate:7
2025-10-13 20:58:17, EXEC, v:1, k:poo@relogio, mode:FULL, rate:7
2025-10-13 20:58:20, EXEC, v:1, k:poo@relogio, mode:FULL, rate:7
2025-10-13 20:58:23, EXEC, v:1, k:poo@relogio, mode:FULL, rate:7
2025-10-13 20:59:39, MOVE, v:1, k:poo@relogio, mode:BACK
2025-10-13 20:59:45, MOVE, v:1, k:poo@relogio, mode:PICK
2025-10-13 20:59:50, EXEC, v:1, k:poo@relogio, mode:FULL, rate:7
2025-10-13 21:04:36, EXEC, v:1, k:poo@relogio, mode:FULL, rate:7, size:76
2025-10-13 21:04:37, EXEC, v:1, k:poo@relogio, mode:FULL, rate:7
2025-10-13 21:04:38, EXEC, v:1, k:poo@relogio, mode:FULL, rate:7
2025-10-13 21:04:39, EXEC, v:1, k:poo@relogio, mode:FULL, rate:7
2025-10-13 21:05:43, EXEC, v:1, k:poo@relogio, mode:FULL, rate:7, size:76
2025-10-13 21:05:45, EXEC, v:1, k:poo@relogio, mode:FULL, rate:7
2025-10-13 21:05:47, EXEC, v:1, k:poo@relogio, mode:FULL, rate:7
2025-10-13 21:05:48, EXEC, v:1, k:poo@relogio, mode:FULL, rate:7
2025-10-13 21:05:51, EXEC, v:1, k:poo@relogio, mode:FULL, rate:7
2025-10-13 21:05:53, EXEC, v:1, k:poo@relogio, mode:FULL, rate:7
2025-10-13 21:05:55, EXEC, v:1, k:poo@relogio, mode:FULL, rate:7
2025-10-13 21:05:58, EXEC, v:1, k:poo@relogio, mode:FULL, rate:7
2025-10-13 21:06:04, EXEC, v:1, k:poo@relogio, mode:FULL, rate:7
2025-10-13 21:06:09, EXEC, v:1, k:poo@relogio, mode:FULL, rate:7
2025-10-13 21:06:13, EXEC, v:1, k:poo@relogio, mode:FULL, rate:7
2025-10-13 21:06:14, EXEC, v:1, k:poo@relogio, mode:FULL, rate:7
2025-10-13 21:06:14, EXEC, v:1, k:poo@relogio, mode:FULL, rate:7
2025-10-13 21:06:14, EXEC, v:1, k:poo@relogio, mode:FULL, rate:7
2025-10-13 21:06:14, EXEC, v:1, k:poo@relogio, mode:FULL, rate:7
2025-10-13 21:06:15, EXEC, v:1, k:poo@relogio, mode:FULL, rate:7
2025-10-13 21:06:15, EXEC, v:1, k:poo@relogio, mode:FULL, rate:7
2025-10-13 21:06:15, EXEC, v:1, k:poo@relogio, mode:FULL, rate:7
2025-10-13 21:06:15, EXEC, v:1, k:poo@relogio, mode:FULL, rate:7
2025-10-13 21:06:15, EXEC, v:1, k:poo@relogio, mode:FULL, rate:7
2025-10-13 21:06:15, EXEC, v:1, k:poo@relogio, mode:FULL, rate:7
2025-10-13 21:06:15, EXEC, v:1, k:poo@relogio, mode:FULL, rate:7
2025-10-13 21:06:15, EXEC, v:1, k:poo@relogio, mode:FULL, rate:7
2025-10-13 21:06:15, EXEC, v:1, k:poo@relogio, mode:FULL, rate:7
2025-10-13 21:06:15, EXEC, v:1, k:poo@relogio, mode:FULL, rate:7
2025-10-13 21:06:16, EXEC, v:1, k:poo@relogio, mode:FULL, rate:7
2025-10-13 21:06:16, EXEC, v:1, k:poo@relogio, mode:FULL, rate:7
2025-10-13 21:06:16, EXEC, v:1, k:poo@relogio, mode:FULL, rate:7
2025-10-13 21:06:16, EXEC, v:1, k:poo@relogio, mode:FULL, rate:7
2025-10-13 21:06:16, EXEC, v:1, k:poo@relogio, mode:FULL, rate:7
2025-10-13 21:06:16, EXEC, v:1, k:poo@relogio, mode:FULL, rate:7
2025-10-13 21:06:16, EXEC, v:1, k:poo@relogio, mode:FULL, rate:7
2025-10-13 21:06:16, EXEC, v:1, k:poo@relogio, mode:FULL, rate:7
2025-10-13 21:06:16, EXEC, v:1, k:poo@relogio, mode:FULL, rate:7
2025-10-13 21:06:16, EXEC, v:1, k:poo@relogio, mode:FULL, rate:7
2025-10-13 21:06:16, EXEC, v:1, k:poo@relogio, mode:FULL, rate:7
2025-10-13 21:06:16, EXEC, v:1, k:poo@relogio, mode:FULL, rate:7
2025-10-13 21:06:16, EXEC, v:1, k:poo@relogio, mode:FULL, rate:7
2025-10-13 21:06:16, EXEC, v:1, k:poo@relogio, mode:FULL, rate:7
2025-10-13 21:06:16, EXEC, v:1, k:poo@relogio, mode:FULL, rate:7
2025-10-13 21:06:17, EXEC, v:1, k:poo@relogio, mode:FULL, rate:7
2025-10-13 21:06:17, EXEC, v:1, k:poo@relogio, mode:FULL, rate:7
2025-10-13 21:06:17, EXEC, v:1, k:poo@relogio, mode:FULL, rate:7
2025-10-13 21:06:17, EXEC, v:1, k:poo@relogio, mode:FULL, rate:7
2025-10-13 21:06:17, EXEC, v:1, k:poo@relogio, mode:FULL, rate:7
2025-10-13 21:06:17, EXEC, v:1, k:poo@relogio, mode:FULL, rate:7
2025-10-13 21:06:17, EXEC, v:1, k:poo@relogio, mode:FULL, rate:7
2025-10-13 21:06:17, EXEC, v:1, k:poo@relogio, mode:FULL, rate:7
2025-10-13 21:06:17, EXEC, v:1, k:poo@relogio, mode:FULL, rate:7
2025-10-13 21:06:17, EXEC, v:1, k:poo@relogio, mode:FULL, rate:7
2025-10-13 21:06:17, EXEC, v:1, k:poo@relogio, mode:FULL, rate:7
2025-10-13 21:06:17, EXEC, v:1, k:poo@relogio, mode:FULL, rate:7
2025-10-13 21:06:17, EXEC, v:1, k:poo@relogio, mode:FULL, rate:7
2025-10-13 21:06:17, EXEC, v:1, k:poo@relogio, mode:FULL, rate:7
2025-10-13 21:06:17, EXEC, v:1, k:poo@relogio, mode:FULL, rate:7
2025-10-13 21:06:17, EXEC, v:1, k:poo@relogio, mode:FULL, rate:7
2025-10-13 21:06:59, MOVE, v:1, k:poo@relogio, mode:PICK
2025-10-13 21:07:04, EXEC, v:1, k:poo@relogio, mode:FULL, rate:7
2025-10-13 21:07:06, EXEC, v:1, k:poo@relogio, mode:FULL, rate:7
2025-10-13 21:08:05, EXEC, v:1, k:poo@relogio, mode:FULL, rate:84, size:75
2025-10-13 21:08:10, EXEC, v:1, k:poo@relogio, mode:FULL, rate:84
2025-10-13 21:08:14, EXEC, v:1, k:poo@relogio, mode:FULL, rate:84
2025-10-13 21:08:39, MOVE, v:1, k:poo@relogio, mode:BACK
2025-10-13 21:11:00, SELF, v:1, k:poo@relogio, rate:84, human:1, iagen:1, guide:1, alone:8
