2025-10-12 13:57:57, MOVE, v:1, k:poo@relogio, mode:PICK
2025-10-12 13:58:06, EXEC, v:1, k:poo@relogio, mode:FREE, size:75
2025-10-12 14:12:48, MOVE, v:1, k:poo@relogio, mode:BACK
2025-10-12 14:15:30, MOVE, v:1, k:poo@relogio, mode:PICK
2025-10-12 14:15:39, EXEC, v:1, k:poo@relogio, mode:FULL, rate:0, size:82
2025-10-12 14:16:24, EXEC, v:1, k:poo@relogio, mode:FULL, rate:0, size:82
2025-10-12 14:19:03, EXEC, v:1, k:poo@relogio, mode:FULL, rate:0
2025-10-12 14:20:16, MOVE, v:1, k:poo@relogio, mode:BACK
2025-10-12 14:20:19, MOVE, v:1, k:poo@relogio, mode:PICK
2025-10-12 14:20:22, EXEC, v:1, k:poo@relogio, mode:FREE
2025-10-12 14:21:06, EXEC, v:1, k:poo@relogio, mode:FREE
2025-10-12 14:21:49, MOVE, v:1, k:poo@relogio, mode:BACK
2025-10-12 14:21:53, MOVE, v:1, k:poo@relogio, mode:PICK
2025-10-12 14:22:10, EXEC, v:1, k:poo@relogio, mode:FULL, rate:0, size:82
2025-10-12 14:32:28, EXEC, v:1, k:poo@relogio, mode:FULL, rate:0, size:74
2025-10-12 14:34:07, EXEC, v:1, k:poo@relogio, mode:FREE
2025-10-12 14:35:42, MOVE, v:1, k:poo@relogio, mode:BACK
2025-10-12 14:37:58, SELF, v:1, k:poo@relogio, alone:10
2025-10-12 14:38:04, MOVE, v:1, k:poo@relogio, mode:PICK
2025-10-12 14:42:22, MOVE, v:1, k:poo@relogio, mode:BACK
2025-10-12 14:42:26, MOVE, v:1, k:poo@relogio, mode:PICK
2025-10-12 14:42:28, EXEC, v:1, k:poo@relogio, mode:FULL, rate:0, size:75
2025-10-12 14:42:31, EXEC, v:1, k:poo@relogio, mode:FULL, rate:0
2025-10-12 14:45:00, EXEC, v:1, k:poo@relogio, mode:FULL, rate:0, size:75
2025-10-12 14:45:03, EXEC, v:1, k:poo@relogio, mode:FREE
2025-10-12 14:45:41, MOVE, v:1, k:poo@relogio, mode:BACK
2025-10-12 15:10:50, SELF, v:1, k:poo@relogio, iagen:1, guide:1, alone:10
2025-10-12 15:20:54, MOVE, v:1, k:poo@relogio, mode:PICK
2025-10-12 15:20:58, EXEC, v:1, k:poo@relogio, mode:FREE, size:55
2025-10-12 15:22:39, EXEC, v:1, k:poo@relogio, mode:FULL, rate:0
2025-10-12 15:22:41, EXEC, v:1, k:poo@relogio, mode:FULL, rate:0
2025-10-12 15:22:42, EXEC, v:1, k:poo@relogio, mode:FULL, rate:0
2025-10-12 17:17:32, MOVE, v:1, k:poo@relogio, mode:PICK
2025-10-12 17:17:55, EXEC, v:1, k:poo@relogio, mode:FULL, rate:0, size:74
2025-10-12 17:22:37, MOVE, v:1, k:poo@relogio, mode:BACK
2025-10-12 20:37:22, MOVE, v:1, k:poo@relogio, mode:PICK
2025-10-12 20:37:25, EXEC, v:1, k:poo@relogio, mode:FULL, rate:0, size:74
2025-10-12 20:37:52, EXEC, v:1, k:poo@relogio, mode:FREE
2025-10-12 20:38:18, MOVE, v:1, k:poo@relogio, mode:BACK
2025-10-12 20:38:48, SELF, v:1, k:poo@relogio, iagen:1, guide:1, alone:10
2025-10-12 20:43:02, MOVE, v:1, k:poo@relogio, mode:PICK
2025-10-12 20:43:18, EXEC, v:1, k:poo@relogio, mode:FULL, rate:0
2025-10-12 20:43:21, EXEC, v:1, k:poo@relogio, mode:FULL, rate:0
2025-10-12 20:43:25, EXEC, v:1, k:poo@relogio, mode:FULL, rate:0
2025-10-12 20:43:29, EXEC, v:1, k:poo@relogio, mode:FULL, rate:0
2025-10-12 20:43:34, EXEC, v:1, k:poo@relogio, mode:FULL, rate:0
2025-10-12 20:43:39, EXEC, v:1, k:poo@relogio, mode:FULL, rate:0
2025-10-12 20:43:43, EXEC, v:1, k:poo@relogio, mode:FULL, rate:0
2025-10-12 20:43:51, EXEC, v:1, k:poo@relogio, mode:FULL, rate:0
2025-10-12 20:43:52, EXEC, v:1, k:poo@relogio, mode:FULL, rate:0
2025-10-12 20:43:58, EXEC, v:1, k:poo@relogio, mode:FULL, rate:0
2025-10-12 20:43:58, EXEC, v:1, k:poo@relogio, mode:FULL, rate:0
2025-10-12 20:44:02, EXEC, v:1, k:poo@relogio, mode:FULL, rate:0
2025-10-12 20:44:06, EXEC, v:1, k:poo@relogio, mode:FULL, rate:0
2025-10-12 20:44:30, MOVE, v:1, k:poo@relogio, mode:BACK
2025-10-12 20:44:33, MOVE, v:1, k:poo@relogio, mode:PICK
2025-10-12 20:44:39, EXEC, v:1, k:poo@relogio, mode:FULL, rate:0
2025-10-12 20:44:42, MOVE, v:1, k:poo@relogio, mode:BACK
2025-10-12 20:45:17, SELF, v:1, k:poo@relogio, iagen:1, guide:1, alone:10
2025-10-12 20:45:20, MOVE, v:1, k:poo@relogio, mode:PICK
2025-10-12 20:46:29, MOVE, v:1, k:poo@relogio, mode:BACK
2025-10-12 20:46:44, MOVE, v:1, k:poo@relogio, mode:PICK
2025-10-12 20:46:53, EXEC, v:1, k:poo@relogio, mode:FREE
2025-10-12 20:47:19, EXEC, v:1, k:poo@relogio, mode:FULL, rate:0
2025-10-12 20:47:22, EXEC, v:1, k:poo@relogio, mode:FULL, rate:0
2025-10-12 20:47:33, EXEC, v:1, k:poo@relogio, mode:FULL, rate:0
